# JRE version: Java(TM) SE Runtime Environment (20.0.1+9) (build 20.0.1+9-29)
# Java VM: Java HotSpot(TM) 64-Bit Server VM (20.0.1+9-29, mixed mode, sharing, tiered, compressed oops, compressed class ptrs, g1 gc, windows-amd64)
GC Precious Log:
 CardTable entry size: 512
 Card Set container configuration: InlinePtr #cards 4 size 8 Array Of Cards #cards 16 size 48 Howl #buckets 8 coarsen threshold 3686 Howl Bitmap #cards 512 size 80 coarsen threshold 460 Card regions per heap region 1 cards per card region 4096
 CPUs: 8 total, 8 available
 Memory: 16243M
 Large Page Support: Disabled
 NUMA Support: Disabled
 Compressed Oops: Enabled (Zero based)
 Heap Region Size: 2M
 Heap Min Capacity: 8M
 Heap Initial Capacity: 254M
 Heap Max Capacity: 4062M
 Pre-touch: Disabled
 Parallel Workers: 8
 Concurrent Workers: 2
 Concurrent Refinement Workers: 8
 Periodic GC: Disabled
Heap:
 garbage-first heap   total 1099776K, used 1026048K [0x0000000702200000, 0x0000000800000000)
  region size 2048K, 4 young (8192K), 4 survivors (8192K)
 Metaspace       used 82562K, committed 83456K, reserved 1179648K
  class space    used 10400K, committed 10816K, reserved 1048576K
GC Heap History (20 events):
Event: 150.418 GC heap after
{Heap after GC invocations=56 (full 0):
 garbage-first heap   total 569344K, used 396522K [0x0000000702200000, 0x0000000800000000)
  region size 2048K, 11 young (22528K), 11 survivors (22528K)
 Metaspace       used 82550K, committed 83392K, reserved 1179648K
  class space    used 10400K, committed 10816K, reserved 1048576K
}
Event: 150.813 GC heap before
{Heap before GC invocations=57 (full 0):
 garbage-first heap   total 645120K, used 478442K [0x0000000702200000, 0x0000000800000000)
  region size 2048K, 63 young (129024K), 11 survivors (22528K)
 Metaspace       used 82552K, committed 83392K, reserved 1179648K
  class space    used 10400K, committed 10816K, reserved 1048576K
}
Event: 150.840 GC heap after
{Heap after GC invocations=58 (full 0):
 garbage-first heap   total 645120K, used 463872K [0x0000000702200000, 0x0000000800000000)
  region size 2048K, 8 young (16384K), 8 survivors (16384K)
 Metaspace       used 82552K, committed 83392K, reserved 1179648K
  class space    used 10400K, committed 10816K, reserved 1048576K
}
Event: 151.085 GC heap before
{Heap before GC invocations=58 (full 0):
 garbage-first heap   total 645120K, used 541696K [0x0000000702200000, 0x0000000800000000)
  region size 2048K, 46 young (94208K), 8 survivors (16384K)
 Metaspace       used 82552K, committed 83392K, reserved 1179648K
  class space    used 10400K, committed 10816K, reserved 1048576K
}
Event: 151.103 GC heap after
{Heap after GC invocations=59 (full 0):
 garbage-first heap   total 645120K, used 467968K [0x0000000702200000, 0x0000000800000000)
  region size 2048K, 6 young (12288K), 6 survivors (12288K)
 Metaspace       used 82552K, committed 83392K, reserved 1179648K
  class space    used 10400K, committed 10816K, reserved 1048576K
}
Event: 151.304 GC heap before
{Heap before GC invocations=59 (full 0):
 garbage-first heap   total 645120K, used 533504K [0x0000000702200000, 0x0000000800000000)
  region size 2048K, 38 young (77824K), 6 survivors (12288K)
 Metaspace       used 82552K, committed 83392K, reserved 1179648K
  class space    used 10400K, committed 10816K, reserved 1048576K
}
Event: 151.322 GC heap after
{Heap after GC invocations=60 (full 0):
 garbage-first heap   total 645120K, used 464896K [0x0000000702200000, 0x0000000800000000)
  region size 2048K, 5 young (10240K), 5 survivors (10240K)
 Metaspace       used 82552K, committed 83392K, reserved 1179648K
  class space    used 10400K, committed 10816K, reserved 1048576K
}
Event: 151.537 GC heap before
{Heap before GC invocations=60 (full 0):
 garbage-first heap   total 645120K, used 526336K [0x0000000702200000, 0x0000000800000000)
  region size 2048K, 36 young (73728K), 5 survivors (10240K)
 Metaspace       used 82555K, committed 83392K, reserved 1179648K
  class space    used 10400K, committed 10816K, reserved 1048576K
}
Event: 151.555 GC heap after
{Heap after GC invocations=61 (full 0):
 garbage-first heap   total 645120K, used 503808K [0x0000000702200000, 0x0000000800000000)
  region size 2048K, 5 young (10240K), 5 survivors (10240K)
 Metaspace       used 82555K, committed 83392K, reserved 1179648K
  class space    used 10400K, committed 10816K, reserved 1048576K
}
Event: 151.725 GC heap before
{Heap before GC invocations=61 (full 0):
 garbage-first heap   total 645120K, used 550912K [0x0000000702200000, 0x0000000800000000)
  region size 2048K, 28 young (57344K), 5 survivors (10240K)
 Metaspace       used 82555K, committed 83392K, reserved 1179648K
  class space    used 10400K, committed 10816K, reserved 1048576K
}
Event: 151.739 GC heap after
{Heap after GC invocations=62 (full 0):
 garbage-first heap   total 1099776K, used 547840K [0x0000000702200000, 0x0000000800000000)
  region size 2048K, 4 young (8192K), 4 survivors (8192K)
 Metaspace       used 82555K, committed 83392K, reserved 1179648K
  class space    used 10400K, committed 10816K, reserved 1048576K
}
Event: 152.627 GC heap before
{Heap before GC invocations=63 (full 0):
 garbage-first heap   total 1099776K, used 754688K [0x0000000702200000, 0x0000000800000000)
  region size 2048K, 105 young (215040K), 4 survivors (8192K)
 Metaspace       used 82560K, committed 83456K, reserved 1179648K
  class space    used 10400K, committed 10816K, reserved 1048576K
}
Event: 152.679 GC heap after
{Heap after GC invocations=64 (full 0):
 garbage-first heap   total 1099776K, used 722944K [0x0000000702200000, 0x0000000800000000)
  region size 2048K, 14 young (28672K), 14 survivors (28672K)
 Metaspace       used 82560K, committed 83456K, reserved 1179648K
  class space    used 10400K, committed 10816K, reserved 1048576K
}
Event: 153.053 GC heap before
{Heap before GC invocations=64 (full 0):
 garbage-first heap   total 1099776K, used 854016K [0x0000000702200000, 0x0000000800000000)
  region size 2048K, 78 young (159744K), 14 survivors (28672K)
 Metaspace       used 82562K, committed 83456K, reserved 1179648K
  class space    used 10400K, committed 10816K, reserved 1048576K
}
Event: 153.123 GC heap after
{Heap after GC invocations=65 (full 0):
 garbage-first heap   total 1099776K, used 834560K [0x0000000702200000, 0x0000000800000000)
  region size 2048K, 10 young (20480K), 10 survivors (20480K)
 Metaspace       used 82562K, committed 83456K, reserved 1179648K
  class space    used 10400K, committed 10816K, reserved 1048576K
}
Event: 153.326 GC heap before
{Heap before GC invocations=65 (full 0):
 garbage-first heap   total 1099776K, used 920576K [0x0000000702200000, 0x0000000800000000)
  region size 2048K, 52 young (106496K), 10 survivors (20480K)
 Metaspace       used 82562K, committed 83456K, reserved 1179648K
  class space    used 10400K, committed 10816K, reserved 1048576K
}
Event: 153.379 GC heap after
{Heap after GC invocations=66 (full 0):
 garbage-first heap   total 1099776K, used 923648K [0x0000000702200000, 0x0000000800000000)
  region size 2048K, 7 young (14336K), 7 survivors (14336K)
 Metaspace       used 82562K, committed 83456K, reserved 1179648K
  class space    used 10400K, committed 10816K, reserved 1048576K
}
Event: 153.566 GC heap before
{Heap before GC invocations=66 (full 0):
 garbage-first heap   total 1099776K, used 976896K [0x0000000702200000, 0x0000000800000000)
  region size 2048K, 33 young (67584K), 7 survivors (14336K)
 Metaspace       used 82562K, committed 83456K, reserved 1179648K
  class space    used 10400K, committed 10816K, reserved 1048576K
}
Event: 153.597 GC heap after
{Heap after GC invocations=67 (full 0):
 garbage-first heap   total 1099776K, used 979968K [0x0000000702200000, 0x0000000800000000)
  region size 2048K, 5 young (10240K), 5 survivors (10240K)
 Metaspace       used 82562K, committed 83456K, reserved 1179648K
  class space    used 10400K, committed 10816K, reserved 1048576K
}
Event: 153.716 GC heap before
{Heap before GC invocations=67 (full 0):
 garbage-first heap   total 1099776K, used 1022976K [0x0000000702200000, 0x0000000800000000)
  region size 2048K, 26 young (53248K), 5 survivors (10240K)
 Metaspace       used 82562K, committed 83456K, reserved 1179648K
  class space    used 10400K, committed 10816K, reserved 1048576K
}

